{
  "stats": {
    "suites": 2,
    "tests": 8,
    "passes": 6,
    "pending": 0,
    "failures": 2,
    "start": "2025-01-02T17:30:18.737Z",
    "end": "2025-01-02T17:30:30.102Z",
    "duration": 11365,
    "testsRegistered": 8,
    "passPercent": 75,
    "pendingPercent": 0,
    "other": 0,
    "hasOther": false,
    "skipped": 0,
    "hasSkipped": false
  },
  "results": [
    {
      "uuid": "dab5e9e7-8f2b-4205-99d4-f517df01f03c",
      "title": "",
      "fullFile": "cypress\\e2e\\login.cy.js",
      "file": "cypress\\e2e\\login.cy.js",
      "beforeHooks": [],
      "afterHooks": [],
      "tests": [],
      "suites": [
        {
          "uuid": "89d1ee90-7a9f-433e-8492-713a6e4aac45",
          "title": "Sign In successfully",
          "fullFile": "",
          "file": "",
          "beforeHooks": [],
          "afterHooks": [],
          "tests": [
            {
              "title": "Sign In with valid account",
              "fullTitle": "Sign In successfully Sign In with valid account",
              "timedOut": null,
              "duration": 1576,
              "state": "failed",
              "speed": null,
              "pass": false,
              "fail": true,
              "pending": false,
              "context": null,
              "code": "cy.get(\"@data\").then(data => {\n  _loginPage.loginPage.inputSignIn(data.valid.email, data.valid.password).clickLogin();\n  _navBar.navBar.isUserNameCorrect(data.valid.name);\n});",
              "err": {
                "message": "TypeError: _navBar.navBar.isUserNameCorrect is not a function",
                "estack": "TypeError: _navBar.navBar.isUserNameCorrect is not a function\n    at Context.eval (webpack://e2e_automationtest/./cypress/e2e/login.cy.js:19:19)",
                "diff": null
              },
              "uuid": "dd87fdee-32bb-411a-9044-2cd11a7632f8",
              "parentUUID": "89d1ee90-7a9f-433e-8492-713a6e4aac45",
              "isHook": false,
              "skipped": false
            }
          ],
          "suites": [],
          "passes": [],
          "failures": [
            "dd87fdee-32bb-411a-9044-2cd11a7632f8"
          ],
          "pending": [],
          "skipped": [],
          "duration": 1576,
          "root": false,
          "rootEmpty": false,
          "_timeout": 2000
        },
        {
          "uuid": "488bbdbf-224a-4853-86e2-7ad0906d68c3",
          "title": "Can not Sign In with invalid account",
          "fullFile": "",
          "file": "",
          "beforeHooks": [],
          "afterHooks": [],
          "tests": [
            {
              "title": "Empty field",
              "fullTitle": "Can not Sign In with invalid account Empty field",
              "timedOut": null,
              "duration": 975,
              "state": "passed",
              "speed": "fast",
              "pass": true,
              "fail": false,
              "pending": false,
              "context": null,
              "code": "_loginPage.loginPage.inputSignIn(data.email, data.password).clickLogin();\nif (data.error.errorField == \"toastify\") {\n  _loginPage.loginPage.isNotificationCorrect(data.error.errorMessage).clickCloseToastifyButton();\n} else {\n  _loginPage.loginPage.checkErrorMessage(data.error.errorMessage, data.error.errorField);\n}",
              "err": {},
              "uuid": "ed07c5d7-579d-4672-b4e7-a38b84bbe455",
              "parentUUID": "488bbdbf-224a-4853-86e2-7ad0906d68c3",
              "isHook": false,
              "skipped": false
            },
            {
              "title": "Empty password",
              "fullTitle": "Can not Sign In with invalid account Empty password",
              "timedOut": null,
              "duration": 1357,
              "state": "passed",
              "speed": "fast",
              "pass": true,
              "fail": false,
              "pending": false,
              "context": null,
              "code": "_loginPage.loginPage.inputSignIn(data.email, data.password).clickLogin();\nif (data.error.errorField == \"toastify\") {\n  _loginPage.loginPage.isNotificationCorrect(data.error.errorMessage).clickCloseToastifyButton();\n} else {\n  _loginPage.loginPage.checkErrorMessage(data.error.errorMessage, data.error.errorField);\n}",
              "err": {},
              "uuid": "a97823dc-2a78-4cf1-942b-8376b12f2691",
              "parentUUID": "488bbdbf-224a-4853-86e2-7ad0906d68c3",
              "isHook": false,
              "skipped": false
            },
            {
              "title": "Non-existed account",
              "fullTitle": "Can not Sign In with invalid account Non-existed account",
              "timedOut": null,
              "duration": 1521,
              "state": "passed",
              "speed": "fast",
              "pass": true,
              "fail": false,
              "pending": false,
              "context": null,
              "code": "_loginPage.loginPage.inputSignIn(data.email, data.password).clickLogin();\nif (data.error.errorField == \"toastify\") {\n  _loginPage.loginPage.isNotificationCorrect(data.error.errorMessage).clickCloseToastifyButton();\n} else {\n  _loginPage.loginPage.checkErrorMessage(data.error.errorMessage, data.error.errorField);\n}",
              "err": {},
              "uuid": "79e630e6-8c3c-4151-aaf8-11c3cdf96197",
              "parentUUID": "488bbdbf-224a-4853-86e2-7ad0906d68c3",
              "isHook": false,
              "skipped": false
            },
            {
              "title": "Incorrect Password",
              "fullTitle": "Can not Sign In with invalid account Incorrect Password",
              "timedOut": null,
              "duration": 1545,
              "state": "passed",
              "speed": "fast",
              "pass": true,
              "fail": false,
              "pending": false,
              "context": null,
              "code": "_loginPage.loginPage.inputSignIn(data.email, data.password).clickLogin();\nif (data.error.errorField == \"toastify\") {\n  _loginPage.loginPage.isNotificationCorrect(data.error.errorMessage).clickCloseToastifyButton();\n} else {\n  _loginPage.loginPage.checkErrorMessage(data.error.errorMessage, data.error.errorField);\n}",
              "err": {},
              "uuid": "0a971a56-3db3-4734-9e68-8ed818dfd5ee",
              "parentUUID": "488bbdbf-224a-4853-86e2-7ad0906d68c3",
              "isHook": false,
              "skipped": false
            },
            {
              "title": "Invalid Email Format",
              "fullTitle": "Can not Sign In with invalid account Invalid Email Format",
              "timedOut": null,
              "duration": 1376,
              "state": "passed",
              "speed": "fast",
              "pass": true,
              "fail": false,
              "pending": false,
              "context": null,
              "code": "_loginPage.loginPage.inputSignIn(data.email, data.password).clickLogin();\nif (data.error.errorField == \"toastify\") {\n  _loginPage.loginPage.isNotificationCorrect(data.error.errorMessage).clickCloseToastifyButton();\n} else {\n  _loginPage.loginPage.checkErrorMessage(data.error.errorMessage, data.error.errorField);\n}",
              "err": {},
              "uuid": "8086df37-3a39-410d-b352-65863171548f",
              "parentUUID": "488bbdbf-224a-4853-86e2-7ad0906d68c3",
              "isHook": false,
              "skipped": false
            },
            {
              "title": "Invalid Email Format",
              "fullTitle": "Can not Sign In with invalid account Invalid Email Format",
              "timedOut": null,
              "duration": 1485,
              "state": "failed",
              "speed": null,
              "pass": false,
              "fail": true,
              "pending": false,
              "context": null,
              "code": "_loginPage.loginPage.inputSignIn(data.email, data.password).clickLogin();\nif (data.error.errorField == \"toastify\") {\n  _loginPage.loginPage.isNotificationCorrect(data.error.errorMessage).clickCloseToastifyButton();\n} else {\n  _loginPage.loginPage.checkErrorMessage(data.error.errorMessage, data.error.errorField);\n}",
              "err": {
                "message": "AssertionError: expected '' to include 'Please match the requested format.'",
                "estack": "AssertionError: expected '' to include 'Please match the requested format.'\n    at Context.eval (webpack://e2e_automationtest/./cypress/pages/loginPage.js:59:51)",
                "diff": null
              },
              "uuid": "f4cee060-29ac-47d5-ba43-f73367491f6b",
              "parentUUID": "488bbdbf-224a-4853-86e2-7ad0906d68c3",
              "isHook": false,
              "skipped": false
            },
            {
              "title": "Invalid Email Format",
              "fullTitle": "Can not Sign In with invalid account Invalid Email Format",
              "timedOut": null,
              "duration": 1257,
              "state": "passed",
              "speed": "fast",
              "pass": true,
              "fail": false,
              "pending": false,
              "context": null,
              "code": "_loginPage.loginPage.inputSignIn(data.email, data.password).clickLogin();\nif (data.error.errorField == \"toastify\") {\n  _loginPage.loginPage.isNotificationCorrect(data.error.errorMessage).clickCloseToastifyButton();\n} else {\n  _loginPage.loginPage.checkErrorMessage(data.error.errorMessage, data.error.errorField);\n}",
              "err": {},
              "uuid": "e647fb5f-3bea-4a0e-a72a-47c6f23927c4",
              "parentUUID": "488bbdbf-224a-4853-86e2-7ad0906d68c3",
              "isHook": false,
              "skipped": false
            }
          ],
          "suites": [],
          "passes": [
            "ed07c5d7-579d-4672-b4e7-a38b84bbe455",
            "a97823dc-2a78-4cf1-942b-8376b12f2691",
            "79e630e6-8c3c-4151-aaf8-11c3cdf96197",
            "0a971a56-3db3-4734-9e68-8ed818dfd5ee",
            "8086df37-3a39-410d-b352-65863171548f",
            "e647fb5f-3bea-4a0e-a72a-47c6f23927c4"
          ],
          "failures": [
            "f4cee060-29ac-47d5-ba43-f73367491f6b"
          ],
          "pending": [],
          "skipped": [],
          "duration": 9516,
          "root": false,
          "rootEmpty": false,
          "_timeout": 2000
        }
      ],
      "passes": [],
      "failures": [],
      "pending": [],
      "skipped": [],
      "duration": 0,
      "root": true,
      "rootEmpty": true,
      "_timeout": 2000
    }
  ],
  "meta": {
    "mocha": {
      "version": "7.0.1"
    },
    "mochawesome": {
      "options": {
        "quiet": false,
        "reportFilename": "mochawesome",
        "saveHtml": false,
        "saveJson": true,
        "consoleReporter": "spec",
        "useInlineDiffs": false,
        "code": true
      },
      "version": "7.1.3"
    },
    "marge": {
      "options": {
        "reportDir": "cypress/results",
        "overwrite": false,
        "html": false,
        "json": true
      },
      "version": "6.2.0"
    }
  }
}