{
  "stats": {
    "suites": 2,
    "tests": 7,
    "passes": 7,
    "pending": 0,
    "failures": 0,
    "start": "2025-01-02T17:31:24.896Z",
    "end": "2025-01-02T17:32:08.204Z",
    "duration": 43308,
    "testsRegistered": 7,
    "passPercent": 100,
    "pendingPercent": 0,
    "other": 0,
    "hasOther": false,
    "skipped": 0,
    "hasSkipped": false
  },
  "results": [
    {
      "uuid": "8a2c2466-5a09-4d74-b927-3556f409c520",
      "title": "",
      "fullFile": "cypress\\e2e\\placeOrder.cy.js",
      "file": "cypress\\e2e\\placeOrder.cy.js",
      "beforeHooks": [],
      "afterHooks": [],
      "tests": [],
      "suites": [
        {
          "uuid": "3d241e92-17ae-439a-9031-beb451d629c8",
          "title": "Place Order Successfully",
          "fullFile": "",
          "file": "",
          "beforeHooks": [],
          "afterHooks": [],
          "tests": [
            {
              "title": "Place order successfully",
              "fullTitle": "Place Order Successfully Place order successfully",
              "timedOut": null,
              "duration": 16067,
              "state": "passed",
              "speed": "slow",
              "pass": true,
              "fail": false,
              "pending": false,
              "context": null,
              "code": "cy.get(\"@order\").then(orders => {\n  let order = orders.valid[0];\n  for (let i = 0; i < order.orderItems.length; i++) {\n    _productListPage.productListPage.clickProduct(order.orderItems[i]);\n    _productDetailPage.productDetailPage.clickAddToCart();\n    if (i != order.orderItems.length - 1) {\n      _productListPage.productListPage.clickBrand();\n    }\n  }\n  _cartPage.cartPage.clickPlaceOrder();\n  cy.wait(1000);\n  _loginPage.loginPage.typeUsername(order.user.email).typePassword(order.user.password).clickLogin();\n  cy.wait(1000);\n  _placeOrderPage.placeOrderPage.inputOrder(order).isOrderCorrect(order).clickPlaceOrderBtn();\n  cy.wait(1000);\n  cy.log(\"check order details after placed\");\n  _orderDetailPage.orderDetailPage.isOrderDetailCorrect(order);\n  cy.get('h1').then($e => {\n    let orderId = $e.text();\n    orderId = orderId.replace('Order ', '');\n    cy.log(\"get after order\", orderId);\n    _navBar.navBar.clickNavDropDown().clickUserProfile();\n    cy.wait(3000);\n    _orderHistoryPage.orderHistoryPage.isOrderDisplayedCorrectly(orderId).clickViewOrderDetail(orderId);\n    cy.wait(500);\n    _orderDetailPage.orderDetailPage.isOrderIdCorrect(orderId);\n    // placeOrderPage.isOrderCorrect(order);\n  });\n});",
              "err": {},
              "uuid": "0edfeb5a-a714-4d87-b404-5d966130a43b",
              "parentUUID": "3d241e92-17ae-439a-9031-beb451d629c8",
              "isHook": false,
              "skipped": false
            },
            {
              "title": "Can place order when editing cart",
              "fullTitle": "Place Order Successfully Can place order when editing cart",
              "timedOut": null,
              "duration": 9585,
              "state": "passed",
              "speed": "medium",
              "pass": true,
              "fail": false,
              "pending": false,
              "context": null,
              "code": "cy.get(\"@order\").then(orders => {\n  let order = orders.valid[0];\n  //login\n  _navBar.navBar.clickSignIn();\n  _loginPage.loginPage.typeUsername(order.user.email).typePassword(order.user.password).clickLogin();\n  cy.wait(1000);\n  //add 2 item\n  for (let i = 0; i < order.orderItems.length; i++) {\n    _productListPage.productListPage.clickProduct(order.orderItems[i]);\n    _productDetailPage.productDetailPage.clickAddToCart();\n    if (i != order.orderItems.length - 1) {\n      _productListPage.productListPage.clickBrand();\n    }\n  }\n  //remove 1 item\n  _cartPage.cartPage.clickRemoveProduct(order.orderItems[0].name);\n  cy.wait(1000);\n  //change quantity\n  _cartPage.cartPage.changeQuantity(order.orderItems[1], 2);\n  cy.wait(1000);\n  //check out and order\n  _cartPage.cartPage.clickPlaceOrder();\n  cy.wait(1000);\n  _placeOrderPage.placeOrderPage.inputOrder(order).clickPlaceOrderBtn();\n  cy.wait(1000);\n  //check order details after placed\n  _orderDetailPage.orderDetailPage.isOrderDetailCorrect(orders.valid[2]);\n});",
              "err": {},
              "uuid": "ed93e3a5-a62d-43a9-aa4f-bc32e8a2ad68",
              "parentUUID": "3d241e92-17ae-439a-9031-beb451d629c8",
              "isHook": false,
              "skipped": false
            }
          ],
          "suites": [],
          "passes": [
            "0edfeb5a-a714-4d87-b404-5d966130a43b",
            "ed93e3a5-a62d-43a9-aa4f-bc32e8a2ad68"
          ],
          "failures": [],
          "pending": [],
          "skipped": [],
          "duration": 25652,
          "root": false,
          "rootEmpty": false,
          "_timeout": 2000
        },
        {
          "uuid": "4495bd44-3b00-4e14-a6b0-e516264fb44a",
          "title": "Can not place order",
          "fullFile": "",
          "file": "",
          "beforeHooks": [],
          "afterHooks": [],
          "tests": [
            {
              "title": "when removing all products from cart",
              "fullTitle": "Can not place order when removing all products from cart",
              "timedOut": null,
              "duration": 4731,
              "state": "passed",
              "speed": "fast",
              "pass": true,
              "fail": false,
              "pending": false,
              "context": null,
              "code": "cy.get(\"@order\").then(orders => {\n  let order = orders.valid[0];\n  for (let i = 0; i < order.orderItems.length; i++) {\n    _productListPage.productListPage.clickProduct(order.orderItems[i]);\n    _productDetailPage.productDetailPage.clickAddToCart();\n    if (i == 0) {\n      _productListPage.productListPage.clickBrand();\n    }\n  }\n  _cartPage.cartPage.clickRemoveAllProduct().isCartEmpty();\n});",
              "err": {},
              "uuid": "00ac2fdf-b371-40a6-967c-e1b11900219b",
              "parentUUID": "4495bd44-3b00-4e14-a6b0-e516264fb44a",
              "isHook": false,
              "skipped": false
            },
            {
              "title": "Empty Address",
              "fullTitle": "Can not place order Empty Address",
              "timedOut": null,
              "duration": 3070,
              "state": "passed",
              "speed": "fast",
              "pass": true,
              "fail": false,
              "pending": false,
              "context": null,
              "code": "//add 1 item to cart\n_productListPage.productListPage.clickProduct(order.valid[1].orderItems[0]);\n_productDetailPage.productDetailPage.clickAddToCart();\n_cartPage.cartPage.clickPlaceOrder();\n_placeOrderPage.placeOrderPage.typeShippingInfo(data).clickBtnContinue().checkErrorMessage(data.error.errorMessage, data.error.errorField);",
              "err": {},
              "uuid": "149510eb-2bf7-4956-afa3-d60aae50143d",
              "parentUUID": "4495bd44-3b00-4e14-a6b0-e516264fb44a",
              "isHook": false,
              "skipped": false
            },
            {
              "title": "Empty City",
              "fullTitle": "Can not place order Empty City",
              "timedOut": null,
              "duration": 3107,
              "state": "passed",
              "speed": "fast",
              "pass": true,
              "fail": false,
              "pending": false,
              "context": null,
              "code": "//add 1 item to cart\n_productListPage.productListPage.clickProduct(order.valid[1].orderItems[0]);\n_productDetailPage.productDetailPage.clickAddToCart();\n_cartPage.cartPage.clickPlaceOrder();\n_placeOrderPage.placeOrderPage.typeShippingInfo(data).clickBtnContinue().checkErrorMessage(data.error.errorMessage, data.error.errorField);",
              "err": {},
              "uuid": "e05c28ce-bafb-4500-8bd1-189fced59dd1",
              "parentUUID": "4495bd44-3b00-4e14-a6b0-e516264fb44a",
              "isHook": false,
              "skipped": false
            },
            {
              "title": "Empty PostalCode",
              "fullTitle": "Can not place order Empty PostalCode",
              "timedOut": null,
              "duration": 3090,
              "state": "passed",
              "speed": "fast",
              "pass": true,
              "fail": false,
              "pending": false,
              "context": null,
              "code": "//add 1 item to cart\n_productListPage.productListPage.clickProduct(order.valid[1].orderItems[0]);\n_productDetailPage.productDetailPage.clickAddToCart();\n_cartPage.cartPage.clickPlaceOrder();\n_placeOrderPage.placeOrderPage.typeShippingInfo(data).clickBtnContinue().checkErrorMessage(data.error.errorMessage, data.error.errorField);",
              "err": {},
              "uuid": "dfc761d3-d082-4ba5-94a6-d533ad9efd11",
              "parentUUID": "4495bd44-3b00-4e14-a6b0-e516264fb44a",
              "isHook": false,
              "skipped": false
            },
            {
              "title": "Empty Country",
              "fullTitle": "Can not place order Empty Country",
              "timedOut": null,
              "duration": 3039,
              "state": "passed",
              "speed": "fast",
              "pass": true,
              "fail": false,
              "pending": false,
              "context": null,
              "code": "//add 1 item to cart\n_productListPage.productListPage.clickProduct(order.valid[1].orderItems[0]);\n_productDetailPage.productDetailPage.clickAddToCart();\n_cartPage.cartPage.clickPlaceOrder();\n_placeOrderPage.placeOrderPage.typeShippingInfo(data).clickBtnContinue().checkErrorMessage(data.error.errorMessage, data.error.errorField);",
              "err": {},
              "uuid": "ae900813-0bf1-4843-a15b-f7b3bc876200",
              "parentUUID": "4495bd44-3b00-4e14-a6b0-e516264fb44a",
              "isHook": false,
              "skipped": false
            }
          ],
          "suites": [],
          "passes": [
            "00ac2fdf-b371-40a6-967c-e1b11900219b",
            "149510eb-2bf7-4956-afa3-d60aae50143d",
            "e05c28ce-bafb-4500-8bd1-189fced59dd1",
            "dfc761d3-d082-4ba5-94a6-d533ad9efd11",
            "ae900813-0bf1-4843-a15b-f7b3bc876200"
          ],
          "failures": [],
          "pending": [],
          "skipped": [],
          "duration": 17037,
          "root": false,
          "rootEmpty": false,
          "_timeout": 2000
        }
      ],
      "passes": [],
      "failures": [],
      "pending": [],
      "skipped": [],
      "duration": 0,
      "root": true,
      "rootEmpty": true,
      "_timeout": 2000
    }
  ],
  "meta": {
    "mocha": {
      "version": "7.0.1"
    },
    "mochawesome": {
      "options": {
        "quiet": false,
        "reportFilename": "mochawesome",
        "saveHtml": false,
        "saveJson": true,
        "consoleReporter": "spec",
        "useInlineDiffs": false,
        "code": true
      },
      "version": "7.1.3"
    },
    "marge": {
      "options": {
        "reportDir": "cypress/results",
        "overwrite": false,
        "html": false,
        "json": true
      },
      "version": "6.2.0"
    }
  }
}