{
  "stats": {
    "suites": 3,
    "tests": 6,
    "passes": 0,
    "pending": 0,
    "failures": 6,
    "start": "2025-01-02T17:29:57.691Z",
    "end": "2025-01-02T17:30:05.544Z",
    "duration": 7853,
    "testsRegistered": 6,
    "passPercent": 0,
    "pendingPercent": 0,
    "other": 0,
    "hasOther": false,
    "skipped": 0,
    "hasSkipped": false
  },
  "results": [
    {
      "uuid": "7efc001c-9a65-4f48-8bb5-298ec97b155b",
      "title": "",
      "fullFile": "cypress\\e2e\\cart.cy.js",
      "file": "cypress\\e2e\\cart.cy.js",
      "beforeHooks": [],
      "afterHooks": [],
      "tests": [],
      "suites": [
        {
          "uuid": "e1f38681-9bc0-4111-ae6e-61cfe1414a31",
          "title": "Add To Cart Successfully",
          "fullFile": "",
          "file": "",
          "beforeHooks": [],
          "afterHooks": [],
          "tests": [
            {
              "title": "Add to cart from Home",
              "fullTitle": "Add To Cart Successfully Add to cart from Home",
              "timedOut": null,
              "duration": 1429,
              "state": "failed",
              "speed": null,
              "pass": false,
              "fail": true,
              "pending": false,
              "context": null,
              "code": "cy.get(\"@products\").then(products => {\n  let productList = products.inStockProduct;\n  var totalPrice = 0;\n  var totalProduct = 0;\n  for (let index = 0; index < productList.length; index++) {\n    const product = productList[index];\n    totalPrice = totalPrice + product.quantity * product.price;\n    for (let i = 0; i < product.quantity; i++) {\n      _productListPage.productListPage.clickAddProductToCart(product.name);\n      totalProduct = totalProduct + 1;\n      cy.wait(500);\n      _navBar.navBar.isProductCountInCartCorrect(totalProduct);\n    }\n  }\n  _navBar.navBar.clickViewCart();\n  cy.wait(1000);\n  for (let index = 0; index < productList.length; index++) {\n    const product = productList[index];\n    _cartPage.cartPage.isProductAddedCorrect(product, product.quantity);\n  }\n  _cartPage.cartPage.isTotalCountCorrect(totalProduct, totalPrice);\n});",
              "err": {
                "message": "TypeError: _productListPage.productListPage.clickAddProductToCart is not a function",
                "estack": "TypeError: _productListPage.productListPage.clickAddProductToCart is not a function\n    at Context.eval (webpack://e2e_automationtest/./cypress/e2e/cart.cy.js:24:36)",
                "diff": null
              },
              "uuid": "bc481ff2-df46-4565-b6a8-9f3a2e5a3695",
              "parentUUID": "e1f38681-9bc0-4111-ae6e-61cfe1414a31",
              "isHook": false,
              "skipped": false
            },
            {
              "title": "Add to cart from Product Detail",
              "fullTitle": "Add To Cart Successfully Add to cart from Product Detail",
              "timedOut": null,
              "duration": 359,
              "state": "failed",
              "speed": null,
              "pass": false,
              "fail": true,
              "pending": false,
              "context": null,
              "code": "cy.get(\"@products\").then(products => {\n  let productList = products.inStockProduct;\n  var totalPrice = 0;\n  var totalProduct = 0;\n  for (let index = 0; index < productList.length; index++) {\n    const product = productList[index];\n    let countProduct = 0;\n    for (let i = 0; i < product.quantity; i++) {\n      _productListPage.productListPage.clickProduct(product.name);\n      cy.wait(500);\n      _productDetailPage.productDetailPage.clickAddToCart();\n      countProduct = countProduct + 1;\n      totalProduct = totalProduct + 1;\n      totalPrice = totalPrice + product.price;\n      cy.wait(500);\n      _cartPage.cartPage.isProductAddedCorrect(product, countProduct).isTotalCountCorrect(totalProduct, totalPrice);\n      _navBar.navBar.isProductCountInCartCorrect(totalProduct).clickGoToHome();\n      cy.wait(500);\n    }\n  }\n});",
              "err": {
                "message": "TypeError: _cartPage.cartPage.isProductAddedCorrect(...).isTotalCountCorrect is not a function",
                "estack": "TypeError: _cartPage.cartPage.isProductAddedCorrect(...).isTotalCountCorrect is not a function\n    at Context.eval (webpack://e2e_automationtest/./cypress/e2e/cart.cy.js:67:25)",
                "diff": null
              },
              "uuid": "3f422cd8-f992-473d-86ac-5961e13a4d5a",
              "parentUUID": "e1f38681-9bc0-4111-ae6e-61cfe1414a31",
              "isHook": false,
              "skipped": false
            },
            {
              "title": "Increase Product's Quantity from Cart page",
              "fullTitle": "Add To Cart Successfully Increase Product's Quantity from Cart page",
              "timedOut": null,
              "duration": 302,
              "state": "failed",
              "speed": null,
              "pass": false,
              "fail": true,
              "pending": false,
              "context": null,
              "code": "cy.get(\"@products\").then(products => {\n  let productList = products.inStockProduct;\n  var totalPrice = 0;\n  var totalProduct = 0;\n  for (let index = 0; index < productList.length; index++) {\n    const product = productList[index];\n    _productListPage.productListPage.clickAddProductToCart(product.name);\n    totalProduct = totalProduct + 1;\n    totalPrice = totalPrice + product.price;\n  }\n  _navBar.navBar.clickViewCart();\n  cy.wait(1000);\n  for (let index = 0; index < productList.length; index++) {\n    const product = productList[index];\n    let countProduct = 1;\n    for (let i = 0; i < product.quantity; i++) {\n      _cartPage.cartPage.clickAddProduct(product.name);\n      countProduct = countProduct + 1;\n      totalProduct = totalProduct + 1;\n      totalPrice = totalPrice + product.price;\n      cy.wait(400);\n      _cartPage.cartPage.isProductAddedCorrect(product, countProduct);\n      _navBar.navBar.isProductCountInCartCorrect(totalProduct);\n      _cartPage.cartPage.isTotalCountCorrect(totalProduct, totalPrice);\n    }\n  }\n});",
              "err": {
                "message": "TypeError: _productListPage.productListPage.clickAddProductToCart is not a function",
                "estack": "TypeError: _productListPage.productListPage.clickAddProductToCart is not a function\n    at Context.eval (webpack://e2e_automationtest/./cypress/e2e/cart.cy.js:87:32)",
                "diff": null
              },
              "uuid": "9f2e819d-22f8-421f-b932-0878880f2b4e",
              "parentUUID": "e1f38681-9bc0-4111-ae6e-61cfe1414a31",
              "isHook": false,
              "skipped": false
            }
          ],
          "suites": [],
          "passes": [],
          "failures": [
            "bc481ff2-df46-4565-b6a8-9f3a2e5a3695",
            "3f422cd8-f992-473d-86ac-5961e13a4d5a",
            "9f2e819d-22f8-421f-b932-0878880f2b4e"
          ],
          "pending": [],
          "skipped": [],
          "duration": 2090,
          "root": false,
          "rootEmpty": false,
          "_timeout": 2000
        },
        {
          "uuid": "84e712bf-0ff5-4376-9968-20a7f8a8abf0",
          "title": "Remove From Cart Successfully",
          "fullFile": "",
          "file": "",
          "beforeHooks": [],
          "afterHooks": [],
          "tests": [
            {
              "title": "Remove Product from Cart page",
              "fullTitle": "Remove From Cart Successfully Remove Product from Cart page",
              "timedOut": null,
              "duration": 419,
              "state": "failed",
              "speed": null,
              "pass": false,
              "fail": true,
              "pending": false,
              "context": null,
              "code": "cy.get(\"@products\").then(products => {\n  let productList = products.inStockProduct;\n  var totalPrice = 0;\n  var totalProduct = 0;\n  for (let index = 0; index < productList.length; index++) {\n    const product = productList[index];\n    totalProduct = totalProduct + product.quantity;\n    totalPrice = totalPrice + product.quantity * product.price;\n    for (let i = 0; i < product.quantity; i++) {\n      _productListPage.productListPage.clickAddProductToCart(product.name);\n      cy.wait(500);\n    }\n  }\n  _navBar.navBar.clickViewCart();\n  cy.wait(1000);\n  for (let index = 0; index < productList.length; index++) {\n    const product = productList[index];\n    _cartPage.cartPage.clickRemoveProduct(product.name);\n    if (product.quantity > 1) {\n      totalProduct = totalProduct - 1;\n      totalPrice = totalPrice - product.price;\n    }\n    ;\n    cy.wait(500);\n    _navBar.navBar.isProductCountInCartCorrect(totalProduct);\n    _cartPage.cartPage.isTotalCountCorrect(totalProduct, totalPrice);\n  }\n});",
              "err": {
                "message": "TypeError: _productListPage.productListPage.clickAddProductToCart is not a function",
                "estack": "TypeError: _productListPage.productListPage.clickAddProductToCart is not a function\n    at Context.eval (webpack://e2e_automationtest/./cypress/e2e/cart.cy.js:133:36)",
                "diff": null
              },
              "uuid": "2e36d448-e54e-4cbd-a6c0-f7461c6948a7",
              "parentUUID": "84e712bf-0ff5-4376-9968-20a7f8a8abf0",
              "isHook": false,
              "skipped": false
            }
          ],
          "suites": [],
          "passes": [],
          "failures": [
            "2e36d448-e54e-4cbd-a6c0-f7461c6948a7"
          ],
          "pending": [],
          "skipped": [],
          "duration": 419,
          "root": false,
          "rootEmpty": false,
          "_timeout": 2000
        },
        {
          "uuid": "4a68c6a3-f732-4eb3-9205-4d9df713d1a3",
          "title": "Can not add product to cart",
          "fullFile": "",
          "file": "",
          "beforeHooks": [],
          "afterHooks": [],
          "tests": [
            {
              "title": "Out of stock",
              "fullTitle": "Can not add product to cart Out of stock",
              "timedOut": null,
              "duration": 4557,
              "state": "failed",
              "speed": null,
              "pass": false,
              "fail": true,
              "pending": false,
              "context": null,
              "code": "cy.get(\"@products\").then(products => {\n  _productListPage.productListPage.isOutOfStock('Adidas Fit Shirt').clickProduct('Adidas Fit Shirt');\n  cy.wait(500);\n  _productDetailPage.productDetailPage.isProductDisplayCorrect('Adidas Fit Shirt', 0, false, 250).isAddToCartBtnNotExist();\n});",
              "err": {
                "message": "AssertionError: Timed out retrying after 4000ms: Expected to find content: 'Adidas Fit Shirt' within the element: <div.product-title.card-title> but never did.",
                "estack": "AssertionError: Timed out retrying after 4000ms: Expected to find content: 'Adidas Fit Shirt' within the element: <div.product-title.card-title> but never did.\n    at Object.isOutOfStock (webpack://e2e_automationtest/./cypress/pages/productListPage.js:11:33)\n    at Context.eval (webpack://e2e_automationtest/./cypress/e2e/cart.cy.js:167:17)",
                "diff": null
              },
              "uuid": "5f12fe07-e288-4820-bed7-215e6ce2b828",
              "parentUUID": "4a68c6a3-f732-4eb3-9205-4d9df713d1a3",
              "isHook": false,
              "skipped": false
            },
            {
              "title": "Exceed the quantity in stock",
              "fullTitle": "Can not add product to cart Exceed the quantity in stock",
              "timedOut": null,
              "duration": 370,
              "state": "failed",
              "speed": null,
              "pass": false,
              "fail": true,
              "pending": false,
              "context": null,
              "code": "cy.get(\"@products\").then(products => {\n  let product = products.inStockProduct[2];\n  for (let index = 0; index <= product.stock; index++) {\n    _productListPage.productListPage.clickAddProductToCart(product.name);\n    cy.wait(200);\n  }\n  cy.acceptAlert(\"window:confirm\", \"Sorry. Product is out of stock\");\n  cy.wait(400);\n  _productListPage.productListPage.clickProduct(product.name);\n  cy.wait(500);\n  _productDetailPage.productDetailPage.clickAddToCart();\n  cy.acceptAlert(\"window:confirm\", \"Sorry. Product is out of stock\");\n  _navBar.navBar.clickViewCart();\n  cy.wait(500);\n  _cartPage.cartPage.isProductOutOfStock(product.name);\n});",
              "err": {
                "message": "TypeError: _productListPage.productListPage.clickAddProductToCart is not a function",
                "estack": "TypeError: _productListPage.productListPage.clickAddProductToCart is not a function\n    at Context.eval (webpack://e2e_automationtest/./cypress/e2e/cart.cy.js:181:32)",
                "diff": null
              },
              "uuid": "4d690e16-a4e7-4aed-9ac2-b13ff03517fe",
              "parentUUID": "4a68c6a3-f732-4eb3-9205-4d9df713d1a3",
              "isHook": false,
              "skipped": false
            }
          ],
          "suites": [],
          "passes": [],
          "failures": [
            "5f12fe07-e288-4820-bed7-215e6ce2b828",
            "4d690e16-a4e7-4aed-9ac2-b13ff03517fe"
          ],
          "pending": [],
          "skipped": [],
          "duration": 4927,
          "root": false,
          "rootEmpty": false,
          "_timeout": 2000
        }
      ],
      "passes": [],
      "failures": [],
      "pending": [],
      "skipped": [],
      "duration": 0,
      "root": true,
      "rootEmpty": true,
      "_timeout": 2000
    }
  ],
  "meta": {
    "mocha": {
      "version": "7.0.1"
    },
    "mochawesome": {
      "options": {
        "quiet": false,
        "reportFilename": "mochawesome",
        "saveHtml": false,
        "saveJson": true,
        "consoleReporter": "spec",
        "useInlineDiffs": false,
        "code": true
      },
      "version": "7.1.3"
    },
    "marge": {
      "options": {
        "reportDir": "cypress/results",
        "overwrite": false,
        "html": false,
        "json": true
      },
      "version": "6.2.0"
    }
  }
}